Started GET "/" for 127.0.0.1 at 2017-06-27 20:28:25 -0300
Processing by Rails::WelcomeController#index as HTML
  Parameters: {"internal"=>true}
  Rendering /home/flavio/.rbenv/versions/2.4.0/lib/ruby/gems/2.4.0/gems/railties-5.0.4/lib/rails/templates/rails/welcome/index.html.erb
  Rendered /home/flavio/.rbenv/versions/2.4.0/lib/ruby/gems/2.4.0/gems/railties-5.0.4/lib/rails/templates/rails/welcome/index.html.erb (2.8ms)
Completed 200 OK in 54ms (Views: 27.9ms | ActiveRecord: 0.0ms)


Started GET "/favicon.ico" for 127.0.0.1 at 2017-06-27 20:28:25 -0300
  
ActionController::RoutingError (No route matches [GET] "/favicon.ico"):
  
actionpack (5.0.4) lib/action_dispatch/middleware/debug_exceptions.rb:53:in `call'
actionpack (5.0.4) lib/action_dispatch/middleware/show_exceptions.rb:31:in `call'
railties (5.0.4) lib/rails/rack/logger.rb:36:in `call_app'
railties (5.0.4) lib/rails/rack/logger.rb:24:in `block in call'
activesupport (5.0.4) lib/active_support/tagged_logging.rb:69:in `block in tagged'
activesupport (5.0.4) lib/active_support/tagged_logging.rb:26:in `tagged'
activesupport (5.0.4) lib/active_support/tagged_logging.rb:69:in `tagged'
railties (5.0.4) lib/rails/rack/logger.rb:24:in `call'
actionpack (5.0.4) lib/action_dispatch/middleware/request_id.rb:24:in `call'
rack (2.0.3) lib/rack/runtime.rb:22:in `call'
activesupport (5.0.4) lib/active_support/cache/strategy/local_cache_middleware.rb:28:in `call'
actionpack (5.0.4) lib/action_dispatch/middleware/executor.rb:12:in `call'
actionpack (5.0.4) lib/action_dispatch/middleware/static.rb:136:in `call'
rack (2.0.3) lib/rack/sendfile.rb:111:in `call'
railties (5.0.4) lib/rails/engine.rb:522:in `call'
puma (3.9.1) lib/puma/configuration.rb:224:in `call'
puma (3.9.1) lib/puma/server.rb:602:in `handle_request'
puma (3.9.1) lib/puma/server.rb:435:in `process_client'
puma (3.9.1) lib/puma/server.rb:299:in `block in run'
puma (3.9.1) lib/puma/thread_pool.rb:120:in `block in spawn_thread'
Started GET "/guru" for 127.0.0.1 at 2017-06-27 20:28:29 -0300
  
ActionController::RoutingError (No route matches [GET] "/guru"):
  
actionpack (5.0.4) lib/action_dispatch/middleware/debug_exceptions.rb:53:in `call'
actionpack (5.0.4) lib/action_dispatch/middleware/show_exceptions.rb:31:in `call'
railties (5.0.4) lib/rails/rack/logger.rb:36:in `call_app'
railties (5.0.4) lib/rails/rack/logger.rb:24:in `block in call'
activesupport (5.0.4) lib/active_support/tagged_logging.rb:69:in `block in tagged'
activesupport (5.0.4) lib/active_support/tagged_logging.rb:26:in `tagged'
activesupport (5.0.4) lib/active_support/tagged_logging.rb:69:in `tagged'
railties (5.0.4) lib/rails/rack/logger.rb:24:in `call'
actionpack (5.0.4) lib/action_dispatch/middleware/request_id.rb:24:in `call'
rack (2.0.3) lib/rack/runtime.rb:22:in `call'
activesupport (5.0.4) lib/active_support/cache/strategy/local_cache_middleware.rb:28:in `call'
actionpack (5.0.4) lib/action_dispatch/middleware/executor.rb:12:in `call'
actionpack (5.0.4) lib/action_dispatch/middleware/static.rb:136:in `call'
rack (2.0.3) lib/rack/sendfile.rb:111:in `call'
railties (5.0.4) lib/rails/engine.rb:522:in `call'
puma (3.9.1) lib/puma/configuration.rb:224:in `call'
puma (3.9.1) lib/puma/server.rb:602:in `handle_request'
puma (3.9.1) lib/puma/server.rb:435:in `process_client'
puma (3.9.1) lib/puma/server.rb:299:in `block in run'
puma (3.9.1) lib/puma/thread_pool.rb:120:in `block in spawn_thread'
Started GET "/guru" for 127.0.0.1 at 2017-06-27 20:30:02 -0300
  
ActionController::RoutingError (No route matches [GET] "/guru"):
  
actionpack (5.0.4) lib/action_dispatch/middleware/debug_exceptions.rb:53:in `call'
actionpack (5.0.4) lib/action_dispatch/middleware/show_exceptions.rb:31:in `call'
railties (5.0.4) lib/rails/rack/logger.rb:36:in `call_app'
railties (5.0.4) lib/rails/rack/logger.rb:24:in `block in call'
activesupport (5.0.4) lib/active_support/tagged_logging.rb:69:in `block in tagged'
activesupport (5.0.4) lib/active_support/tagged_logging.rb:26:in `tagged'
activesupport (5.0.4) lib/active_support/tagged_logging.rb:69:in `tagged'
railties (5.0.4) lib/rails/rack/logger.rb:24:in `call'
actionpack (5.0.4) lib/action_dispatch/middleware/request_id.rb:24:in `call'
rack (2.0.3) lib/rack/runtime.rb:22:in `call'
activesupport (5.0.4) lib/active_support/cache/strategy/local_cache_middleware.rb:28:in `call'
actionpack (5.0.4) lib/action_dispatch/middleware/executor.rb:12:in `call'
actionpack (5.0.4) lib/action_dispatch/middleware/static.rb:136:in `call'
rack (2.0.3) lib/rack/sendfile.rb:111:in `call'
railties (5.0.4) lib/rails/engine.rb:522:in `call'
puma (3.9.1) lib/puma/configuration.rb:224:in `call'
puma (3.9.1) lib/puma/server.rb:602:in `handle_request'
puma (3.9.1) lib/puma/server.rb:435:in `process_client'
puma (3.9.1) lib/puma/server.rb:299:in `block in run'
puma (3.9.1) lib/puma/thread_pool.rb:120:in `block in spawn_thread'
Started GET "/chatbot" for 127.0.0.1 at 2017-06-27 20:30:48 -0300
  
ActionController::RoutingError (No route matches [GET] "/chatbot"):
  
actionpack (5.0.4) lib/action_dispatch/middleware/debug_exceptions.rb:53:in `call'
actionpack (5.0.4) lib/action_dispatch/middleware/show_exceptions.rb:31:in `call'
railties (5.0.4) lib/rails/rack/logger.rb:36:in `call_app'
railties (5.0.4) lib/rails/rack/logger.rb:24:in `block in call'
activesupport (5.0.4) lib/active_support/tagged_logging.rb:69:in `block in tagged'
activesupport (5.0.4) lib/active_support/tagged_logging.rb:26:in `tagged'
activesupport (5.0.4) lib/active_support/tagged_logging.rb:69:in `tagged'
railties (5.0.4) lib/rails/rack/logger.rb:24:in `call'
actionpack (5.0.4) lib/action_dispatch/middleware/request_id.rb:24:in `call'
rack (2.0.3) lib/rack/runtime.rb:22:in `call'
activesupport (5.0.4) lib/active_support/cache/strategy/local_cache_middleware.rb:28:in `call'
actionpack (5.0.4) lib/action_dispatch/middleware/executor.rb:12:in `call'
actionpack (5.0.4) lib/action_dispatch/middleware/static.rb:136:in `call'
rack (2.0.3) lib/rack/sendfile.rb:111:in `call'
railties (5.0.4) lib/rails/engine.rb:522:in `call'
puma (3.9.1) lib/puma/configuration.rb:224:in `call'
puma (3.9.1) lib/puma/server.rb:602:in `handle_request'
puma (3.9.1) lib/puma/server.rb:435:in `process_client'
puma (3.9.1) lib/puma/server.rb:299:in `block in run'
puma (3.9.1) lib/puma/thread_pool.rb:120:in `block in spawn_thread'
Started GET "/guru/chatbot" for 127.0.0.1 at 2017-06-27 20:30:56 -0300
  
ActionController::RoutingError (No route matches [GET] "/guru/chatbot"):
  
actionpack (5.0.4) lib/action_dispatch/middleware/debug_exceptions.rb:53:in `call'
actionpack (5.0.4) lib/action_dispatch/middleware/show_exceptions.rb:31:in `call'
railties (5.0.4) lib/rails/rack/logger.rb:36:in `call_app'
railties (5.0.4) lib/rails/rack/logger.rb:24:in `block in call'
activesupport (5.0.4) lib/active_support/tagged_logging.rb:69:in `block in tagged'
activesupport (5.0.4) lib/active_support/tagged_logging.rb:26:in `tagged'
activesupport (5.0.4) lib/active_support/tagged_logging.rb:69:in `tagged'
railties (5.0.4) lib/rails/rack/logger.rb:24:in `call'
actionpack (5.0.4) lib/action_dispatch/middleware/request_id.rb:24:in `call'
rack (2.0.3) lib/rack/runtime.rb:22:in `call'
activesupport (5.0.4) lib/active_support/cache/strategy/local_cache_middleware.rb:28:in `call'
actionpack (5.0.4) lib/action_dispatch/middleware/executor.rb:12:in `call'
actionpack (5.0.4) lib/action_dispatch/middleware/static.rb:136:in `call'
rack (2.0.3) lib/rack/sendfile.rb:111:in `call'
railties (5.0.4) lib/rails/engine.rb:522:in `call'
puma (3.9.1) lib/puma/configuration.rb:224:in `call'
puma (3.9.1) lib/puma/server.rb:602:in `handle_request'
puma (3.9.1) lib/puma/server.rb:435:in `process_client'
puma (3.9.1) lib/puma/server.rb:299:in `block in run'
puma (3.9.1) lib/puma/thread_pool.rb:120:in `block in spawn_thread'
Started GET "/guru/chatbot" for 127.0.0.1 at 2017-06-27 20:33:14 -0300
Processing by GuruController#chatbot as HTML
Completed 204 No Content in 0ms (ActiveRecord: 0.0ms)


Started GET "/chatbot" for 127.0.0.1 at 2017-06-27 20:33:35 -0300
  
ActionController::RoutingError (No route matches [GET] "/chatbot"):
  
actionpack (5.0.4) lib/action_dispatch/middleware/debug_exceptions.rb:53:in `call'
actionpack (5.0.4) lib/action_dispatch/middleware/show_exceptions.rb:31:in `call'
railties (5.0.4) lib/rails/rack/logger.rb:36:in `call_app'
railties (5.0.4) lib/rails/rack/logger.rb:24:in `block in call'
activesupport (5.0.4) lib/active_support/tagged_logging.rb:69:in `block in tagged'
activesupport (5.0.4) lib/active_support/tagged_logging.rb:26:in `tagged'
activesupport (5.0.4) lib/active_support/tagged_logging.rb:69:in `tagged'
railties (5.0.4) lib/rails/rack/logger.rb:24:in `call'
actionpack (5.0.4) lib/action_dispatch/middleware/request_id.rb:24:in `call'
rack (2.0.3) lib/rack/runtime.rb:22:in `call'
activesupport (5.0.4) lib/active_support/cache/strategy/local_cache_middleware.rb:28:in `call'
actionpack (5.0.4) lib/action_dispatch/middleware/executor.rb:12:in `call'
actionpack (5.0.4) lib/action_dispatch/middleware/static.rb:136:in `call'
rack (2.0.3) lib/rack/sendfile.rb:111:in `call'
railties (5.0.4) lib/rails/engine.rb:522:in `call'
puma (3.9.1) lib/puma/configuration.rb:224:in `call'
puma (3.9.1) lib/puma/server.rb:602:in `handle_request'
puma (3.9.1) lib/puma/server.rb:435:in `process_client'
puma (3.9.1) lib/puma/server.rb:299:in `block in run'
puma (3.9.1) lib/puma/thread_pool.rb:120:in `block in spawn_thread'
Started GET "/guru/chatbot" for 127.0.0.1 at 2017-06-27 20:33:55 -0300
Processing by GuruController#chatbot as HTML
Completed 204 No Content in 1ms (ActiveRecord: 0.0ms)


Started GET "/chatbot" for 127.0.0.1 at 2017-06-27 20:34:02 -0300
  
ActionController::RoutingError (No route matches [GET] "/chatbot"):
  
actionpack (5.0.4) lib/action_dispatch/middleware/debug_exceptions.rb:53:in `call'
actionpack (5.0.4) lib/action_dispatch/middleware/show_exceptions.rb:31:in `call'
railties (5.0.4) lib/rails/rack/logger.rb:36:in `call_app'
railties (5.0.4) lib/rails/rack/logger.rb:24:in `block in call'
activesupport (5.0.4) lib/active_support/tagged_logging.rb:69:in `block in tagged'
activesupport (5.0.4) lib/active_support/tagged_logging.rb:26:in `tagged'
activesupport (5.0.4) lib/active_support/tagged_logging.rb:69:in `tagged'
railties (5.0.4) lib/rails/rack/logger.rb:24:in `call'
actionpack (5.0.4) lib/action_dispatch/middleware/request_id.rb:24:in `call'
rack (2.0.3) lib/rack/runtime.rb:22:in `call'
activesupport (5.0.4) lib/active_support/cache/strategy/local_cache_middleware.rb:28:in `call'
actionpack (5.0.4) lib/action_dispatch/middleware/executor.rb:12:in `call'
actionpack (5.0.4) lib/action_dispatch/middleware/static.rb:136:in `call'
rack (2.0.3) lib/rack/sendfile.rb:111:in `call'
railties (5.0.4) lib/rails/engine.rb:522:in `call'
puma (3.9.1) lib/puma/configuration.rb:224:in `call'
puma (3.9.1) lib/puma/server.rb:602:in `handle_request'
puma (3.9.1) lib/puma/server.rb:435:in `process_client'
puma (3.9.1) lib/puma/server.rb:299:in `block in run'
puma (3.9.1) lib/puma/thread_pool.rb:120:in `block in spawn_thread'
Started GET "/chatbot" for 127.0.0.1 at 2017-06-27 20:34:13 -0300
  
ActionController::RoutingError (No route matches [GET] "/chatbot"):
  
actionpack (5.0.4) lib/action_dispatch/middleware/debug_exceptions.rb:53:in `call'
actionpack (5.0.4) lib/action_dispatch/middleware/show_exceptions.rb:31:in `call'
railties (5.0.4) lib/rails/rack/logger.rb:36:in `call_app'
railties (5.0.4) lib/rails/rack/logger.rb:24:in `block in call'
activesupport (5.0.4) lib/active_support/tagged_logging.rb:69:in `block in tagged'
activesupport (5.0.4) lib/active_support/tagged_logging.rb:26:in `tagged'
activesupport (5.0.4) lib/active_support/tagged_logging.rb:69:in `tagged'
railties (5.0.4) lib/rails/rack/logger.rb:24:in `call'
actionpack (5.0.4) lib/action_dispatch/middleware/request_id.rb:24:in `call'
rack (2.0.3) lib/rack/runtime.rb:22:in `call'
activesupport (5.0.4) lib/active_support/cache/strategy/local_cache_middleware.rb:28:in `call'
actionpack (5.0.4) lib/action_dispatch/middleware/executor.rb:12:in `call'
actionpack (5.0.4) lib/action_dispatch/middleware/static.rb:136:in `call'
rack (2.0.3) lib/rack/sendfile.rb:111:in `call'
railties (5.0.4) lib/rails/engine.rb:522:in `call'
puma (3.9.1) lib/puma/configuration.rb:224:in `call'
puma (3.9.1) lib/puma/server.rb:602:in `handle_request'
puma (3.9.1) lib/puma/server.rb:435:in `process_client'
puma (3.9.1) lib/puma/server.rb:299:in `block in run'
puma (3.9.1) lib/puma/thread_pool.rb:120:in `block in spawn_thread'
Started GET "/guru/chatbot" for 127.0.0.1 at 2017-06-27 20:34:24 -0300
Processing by GuruController#chatbot as HTML
Completed 204 No Content in 0ms (ActiveRecord: 0.0ms)


Started GET "/guru" for 127.0.0.1 at 2017-06-27 20:35:31 -0300
  
SyntaxError (/home/flavio/api_guru/config/routes.rb:3: syntax error, unexpected ',', expecting keyword_end
  'chatbot', to:'guru#chatbot'
            ^
/home/flavio/api_guru/config/routes.rb:4: syntax error, unexpected keyword_end, expecting end-of-input):
  
config/routes.rb:3: syntax error, unexpected ',', expecting keyword_end
config/routes.rb:4: syntax error, unexpected keyword_end, expecting end-of-input
Started GET "/chatbot" for 127.0.0.1 at 2017-06-27 20:35:39 -0300
  
ActionController::RoutingError (No route matches [GET] "/chatbot"):
  
actionpack (5.0.4) lib/action_dispatch/middleware/debug_exceptions.rb:53:in `call'
actionpack (5.0.4) lib/action_dispatch/middleware/show_exceptions.rb:31:in `call'
railties (5.0.4) lib/rails/rack/logger.rb:36:in `call_app'
railties (5.0.4) lib/rails/rack/logger.rb:24:in `block in call'
activesupport (5.0.4) lib/active_support/tagged_logging.rb:69:in `block in tagged'
activesupport (5.0.4) lib/active_support/tagged_logging.rb:26:in `tagged'
activesupport (5.0.4) lib/active_support/tagged_logging.rb:69:in `tagged'
railties (5.0.4) lib/rails/rack/logger.rb:24:in `call'
actionpack (5.0.4) lib/action_dispatch/middleware/request_id.rb:24:in `call'
rack (2.0.3) lib/rack/runtime.rb:22:in `call'
activesupport (5.0.4) lib/active_support/cache/strategy/local_cache_middleware.rb:28:in `call'
actionpack (5.0.4) lib/action_dispatch/middleware/executor.rb:12:in `call'
actionpack (5.0.4) lib/action_dispatch/middleware/static.rb:136:in `call'
rack (2.0.3) lib/rack/sendfile.rb:111:in `call'
railties (5.0.4) lib/rails/engine.rb:522:in `call'
puma (3.9.1) lib/puma/configuration.rb:224:in `call'
puma (3.9.1) lib/puma/server.rb:602:in `handle_request'
puma (3.9.1) lib/puma/server.rb:435:in `process_client'
puma (3.9.1) lib/puma/server.rb:299:in `block in run'
puma (3.9.1) lib/puma/thread_pool.rb:120:in `block in spawn_thread'
Started GET "/chatbot" for 127.0.0.1 at 2017-06-27 20:35:52 -0300
  
ActionController::RoutingError (No route matches [GET] "/chatbot"):
  
actionpack (5.0.4) lib/action_dispatch/middleware/debug_exceptions.rb:53:in `call'
actionpack (5.0.4) lib/action_dispatch/middleware/show_exceptions.rb:31:in `call'
railties (5.0.4) lib/rails/rack/logger.rb:36:in `call_app'
railties (5.0.4) lib/rails/rack/logger.rb:24:in `block in call'
activesupport (5.0.4) lib/active_support/tagged_logging.rb:69:in `block in tagged'
activesupport (5.0.4) lib/active_support/tagged_logging.rb:26:in `tagged'
activesupport (5.0.4) lib/active_support/tagged_logging.rb:69:in `tagged'
railties (5.0.4) lib/rails/rack/logger.rb:24:in `call'
actionpack (5.0.4) lib/action_dispatch/middleware/request_id.rb:24:in `call'
rack (2.0.3) lib/rack/runtime.rb:22:in `call'
activesupport (5.0.4) lib/active_support/cache/strategy/local_cache_middleware.rb:28:in `call'
actionpack (5.0.4) lib/action_dispatch/middleware/executor.rb:12:in `call'
actionpack (5.0.4) lib/action_dispatch/middleware/static.rb:136:in `call'
rack (2.0.3) lib/rack/sendfile.rb:111:in `call'
railties (5.0.4) lib/rails/engine.rb:522:in `call'
puma (3.9.1) lib/puma/configuration.rb:224:in `call'
puma (3.9.1) lib/puma/server.rb:602:in `handle_request'
puma (3.9.1) lib/puma/server.rb:435:in `process_client'
puma (3.9.1) lib/puma/server.rb:299:in `block in run'
puma (3.9.1) lib/puma/thread_pool.rb:120:in `block in spawn_thread'
Started GET "/chatbot" for 127.0.0.1 at 2017-06-27 20:36:10 -0300
  
SyntaxError (/home/flavio/api_guru/config/routes.rb:3: syntax error, unexpected ',', expecting keyword_end
  '/chatbot', to:'guru#chatbot'
             ^
/home/flavio/api_guru/config/routes.rb:4: syntax error, unexpected keyword_end, expecting end-of-input):
  
config/routes.rb:3: syntax error, unexpected ',', expecting keyword_end
config/routes.rb:4: syntax error, unexpected keyword_end, expecting end-of-input
Started GET "/chatbot" for 127.0.0.1 at 2017-06-27 20:37:02 -0300
Processing by GuruController#chatbot as HTML
Completed 204 No Content in 1ms (ActiveRecord: 0.0ms)


Started GET "/chatbot" for 127.0.0.1 at 2017-06-27 20:37:13 -0300
Processing by GuruController#chatbot as HTML
Completed 204 No Content in 0ms (ActiveRecord: 0.0ms)


Started GET "/chatbot" for 127.0.0.1 at 2017-06-27 20:37:33 -0300
Processing by GuruController#chatbot as HTML
Completed 204 No Content in 0ms (ActiveRecord: 0.0ms)


Started GET "/chatbot" for 127.0.0.1 at 2017-06-27 20:40:23 -0300
Processing by GuruController#chatbot as HTML
Completed 204 No Content in 0ms (ActiveRecord: 0.0ms)


Started GET "/chatbot" for 127.0.0.1 at 2017-06-27 20:40:25 -0300
Processing by GuruController#chatbot as HTML
Completed 204 No Content in 0ms (ActiveRecord: 0.0ms)


Started GET "/chatbot" for 127.0.0.1 at 2017-06-27 20:41:14 -0300
Processing by GuruController#chatbot as HTML
Completed 500 Internal Server Error in 1ms (ActiveRecord: 0.0ms)


  
TypeError (no implicit conversion of URI::Generic into String):
  
app/controllers/guru_controller.rb:8:in `chatbot'
Started GET "/chatbot" for 127.0.0.1 at 2017-06-27 20:41:42 -0300
Processing by GuruController#chatbot as HTML
Completed 500 Internal Server Error in 3ms (ActiveRecord: 0.0ms)


  
NoMethodError (private method `open' called for URI:Module):
  
app/controllers/guru_controller.rb:7:in `chatbot'
Started GET "/chatbot" for 127.0.0.1 at 2017-06-27 20:42:37 -0300
Processing by GuruController#chatbot as HTML
Completed 500 Internal Server Error in 0ms (ActiveRecord: 0.0ms)


  
Errno::ENOENT (No such file or directory @ rb_sysopen - api.openweathermap.org/data/2.5/weather?q=London):
  
app/controllers/guru_controller.rb:7:in `chatbot'
Started GET "/chatbot" for 127.0.0.1 at 2017-06-27 20:45:35 -0300
Processing by GuruController#chatbot as HTML
Completed 500 Internal Server Error in 1ms (ActiveRecord: 0.0ms)


  
JSON::ParserError (743: unexpected token at 'api.openweathermap.org/data/2.5/weather?q=London'):
  
app/controllers/guru_controller.rb:6:in `chatbot'
Started GET "/chatbot" for 127.0.0.1 at 2017-06-27 20:47:55 -0300
Processing by GuruController#chatbot as HTML
Completed 500 Internal Server Error in 0ms (ActiveRecord: 0.0ms)


  
JSON::ParserError (743: unexpected token at 'api.openweathermap.org/data/2.5/weather?q=LondonAPPID=7aa70c2275a4e89b264fc6e32913be52'):
  
app/controllers/guru_controller.rb:6:in `chatbot'
Started GET "/chatbot" for 127.0.0.1 at 2017-06-27 20:48:14 -0300
Processing by GuruController#chatbot as HTML
Completed 500 Internal Server Error in 1ms (ActiveRecord: 0.0ms)


  
JSON::ParserError (743: unexpected token at 'api.openweathermap.org/data/2.5/weather?q=LondonAPPID=7aa70c2275a4e89b264fc6e32913be52'):
  
app/controllers/guru_controller.rb:7:in `chatbot'
Started GET "/chatbot" for 127.0.0.1 at 2017-06-27 20:49:40 -0300
Processing by GuruController#chatbot as HTML
Completed 500 Internal Server Error in 0ms (ActiveRecord: 0.0ms)


  
JSON::ParserError (743: unexpected token at 'api.openweathermap.org/data/2.5/weather?q=London&APPID=7aa70c2275a4e89b264fc6e32913be52'):
  
app/controllers/guru_controller.rb:7:in `chatbot'
Started GET "/chatbot" for 127.0.0.1 at 2017-06-27 20:50:57 -0300
Processing by GuruController#chatbot as HTML
Completed 500 Internal Server Error in 0ms (ActiveRecord: 0.0ms)


  
JSON::ParserError (743: unexpected token at 'api.openweathermap.org/data/2.5/weather?q=London&APPID=7aa70c2275a4e89b264fc6e32913be52'):
  
app/controllers/guru_controller.rb:7:in `chatbot'
Started GET "/chatbot" for 127.0.0.1 at 2017-06-27 20:51:44 -0300
Processing by GuruController#chatbot as HTML
Completed 500 Internal Server Error in 1ms (ActiveRecord: 0.0ms)


  
Errno::ENOENT (No such file or directory @ rb_sysopen - api.openweathermap.org/data/2.5/weather?q=London&APPID=7aa70c2275a4e89b264fc6e32913be52):
  
app/controllers/guru_controller.rb:7:in `chatbot'
Started GET "/chatbot" for 127.0.0.1 at 2017-06-27 20:52:03 -0300
Processing by GuruController#chatbot as HTML
Completed 500 Internal Server Error in 1ms (ActiveRecord: 0.0ms)


  
Errno::ENOENT (No such file or directory @ rb_sysopen - api.openweathermap.org/data/2.5/weather?q=London&APPID=7aa70c2275a4e89b264fc6e32913be52):
  
app/controllers/guru_controller.rb:8:in `chatbot'
Started GET "/chatbot" for 127.0.0.1 at 2017-06-27 20:52:31 -0300
Processing by GuruController#chatbot as HTML
Completed 500 Internal Server Error in 1ms (ActiveRecord: 0.0ms)


  
Errno::ENOENT (No such file or directory @ rb_sysopen - api.openweathermap.org/data/2.5/weather?q=London&APPID=7aa70c2275a4e89b264fc6e32913be52):
  
app/controllers/guru_controller.rb:9:in `chatbot'
Started GET "/chatbot" for 127.0.0.1 at 2017-06-27 20:53:41 -0300
Processing by GuruController#chatbot as HTML
Completed 500 Internal Server Error in 1ms (ActiveRecord: 0.0ms)


  
Errno::ENOENT (No such file or directory @ rb_sysopen - api.openweathermap.org/data/2.5/weather?q=London&APPID=7aa70c2275a4e89b264fc6e32913be52):
  
app/controllers/guru_controller.rb:7:in `chatbot'
Started GET "/chatbot" for 127.0.0.1 at 2017-06-27 20:53:49 -0300
Processing by GuruController#chatbot as HTML
Completed 500 Internal Server Error in 0ms (ActiveRecord: 0.0ms)


  
Errno::ENOENT (No such file or directory @ rb_sysopen - api.openweathermap.org/data/2.5/weather?q=London&APPID=7aa70c2275a4e89b264fc6e32913be52):
  
app/controllers/guru_controller.rb:7:in `chatbot'
Started GET "/chatbot" for 127.0.0.1 at 2017-06-27 20:54:03 -0300
Processing by GuruController#chatbot as HTML
Completed 500 Internal Server Error in 1ms (ActiveRecord: 0.0ms)


  
Errno::ENOENT (No such file or directory @ rb_sysopen - api.openweathermap.org/data/2.5/weather?q=London&APPID=7aa70c2275a4e89b264fc6e32913be52):
  
app/controllers/guru_controller.rb:8:in `chatbot'
Started GET "/chatbot" for 127.0.0.1 at 2017-06-27 20:54:22 -0300
Processing by GuruController#chatbot as HTML
Completed 500 Internal Server Error in 0ms (ActiveRecord: 0.0ms)


  
Errno::ENOENT (No such file or directory @ rb_sysopen - api.openweathermap.org/data/2.5/weather?q=London&APPID=7aa70c2275a4e89b264fc6e32913be52):
  
app/controllers/guru_controller.rb:8:in `chatbot'
Started GET "/chatbot" for 127.0.0.1 at 2017-06-27 20:54:59 -0300
Processing by GuruController#chatbot as HTML
Completed 500 Internal Server Error in 1ms (ActiveRecord: 0.0ms)


  
Errno::ENOENT (No such file or directory @ rb_sysopen - api.openweathermap.org/data/2.5/weather?q=London&APPID=7aa70c2275a4e89b264fc6e32913be52):
  
app/controllers/guru_controller.rb:8:in `chatbot'
Started GET "/chatbot" for 127.0.0.1 at 2017-06-27 20:58:28 -0300
Processing by GuruController#chatbot as HTML
Completed 500 Internal Server Error in 534ms (ActiveRecord: 0.0ms)


  
Errno::ECONNREFUSED (Failed to open TCP connection to api.openweathermap.org:443 (Connection refused - connect(2) for "api.openweathermap.org" port 443)):
  
app/controllers/guru_controller.rb:7:in `chatbot'
Started GET "/chatbot" for 127.0.0.1 at 2017-06-27 20:58:43 -0300
Processing by GuruController#chatbot as HTML
Completed 204 No Content in 471ms (ActiveRecord: 0.0ms)


Started GET "/chatbot" for 127.0.0.1 at 2017-06-27 20:58:57 -0300
Processing by GuruController#chatbot as HTML
Completed 204 No Content in 481ms (ActiveRecord: 0.0ms)


Started GET "/chatbot?kewords=barbacena" for 127.0.0.1 at 2017-06-27 21:36:20 -0300
  
SyntaxError (/home/flavio/api_guru/app/controllers/guru_controller.rb:8: syntax error, unexpected '=', expecting ')'
2275a4e89b264fc6e32913be52") = open(source)
                              ^):
  
app/controllers/guru_controller.rb:8: syntax error, unexpected '=', expecting ')'
Started GET "/chatbot?kewords=barbacena" for 127.0.0.1 at 2017-06-27 21:36:38 -0300
Processing by GuruController#chatbot as HTML
  Parameters: {"kewords"=>"barbacena"}
Completed 204 No Content in 614ms (ActiveRecord: 0.0ms)


Started GET "/chatbot?barbacena" for 127.0.0.1 at 2017-06-27 21:37:01 -0300
Processing by GuruController#chatbot as HTML
  Parameters: {"barbacena"=>nil}
Completed 204 No Content in 523ms (ActiveRecord: 0.0ms)


Started GET "/chatbot?barbacena" for 127.0.0.1 at 2017-06-27 21:37:30 -0300
Processing by GuruController#chatbot as HTML
  Parameters: {"barbacena"=>nil}
Completed 204 No Content in 509ms (ActiveRecord: 0.0ms)


Started GET "/chatbot?kewords=barbacena" for 127.0.0.1 at 2017-06-27 21:37:38 -0300
Processing by GuruController#chatbot as HTML
  Parameters: {"kewords"=>"barbacena"}
Completed 204 No Content in 490ms (ActiveRecord: 0.0ms)


Started GET "/chatbot/barbacena" for 127.0.0.1 at 2017-06-27 21:38:44 -0300
  
ActionController::RoutingError (No route matches [GET] "/chatbot/barbacena"):
  
actionpack (5.0.4) lib/action_dispatch/middleware/debug_exceptions.rb:53:in `call'
actionpack (5.0.4) lib/action_dispatch/middleware/show_exceptions.rb:31:in `call'
railties (5.0.4) lib/rails/rack/logger.rb:36:in `call_app'
railties (5.0.4) lib/rails/rack/logger.rb:24:in `block in call'
activesupport (5.0.4) lib/active_support/tagged_logging.rb:69:in `block in tagged'
activesupport (5.0.4) lib/active_support/tagged_logging.rb:26:in `tagged'
activesupport (5.0.4) lib/active_support/tagged_logging.rb:69:in `tagged'
railties (5.0.4) lib/rails/rack/logger.rb:24:in `call'
actionpack (5.0.4) lib/action_dispatch/middleware/request_id.rb:24:in `call'
rack (2.0.3) lib/rack/runtime.rb:22:in `call'
activesupport (5.0.4) lib/active_support/cache/strategy/local_cache_middleware.rb:28:in `call'
actionpack (5.0.4) lib/action_dispatch/middleware/executor.rb:12:in `call'
actionpack (5.0.4) lib/action_dispatch/middleware/static.rb:136:in `call'
rack (2.0.3) lib/rack/sendfile.rb:111:in `call'
railties (5.0.4) lib/rails/engine.rb:522:in `call'
puma (3.9.1) lib/puma/configuration.rb:224:in `call'
puma (3.9.1) lib/puma/server.rb:602:in `handle_request'
puma (3.9.1) lib/puma/server.rb:435:in `process_client'
puma (3.9.1) lib/puma/server.rb:299:in `block in run'
puma (3.9.1) lib/puma/thread_pool.rb:120:in `block in spawn_thread'
Started GET "/chatbot&keywords=barbacena" for 127.0.0.1 at 2017-06-27 21:41:29 -0300
  
ActionController::RoutingError (No route matches [GET] "/chatbot&keywords=barbacena"):
  
actionpack (5.0.4) lib/action_dispatch/middleware/debug_exceptions.rb:53:in `call'
actionpack (5.0.4) lib/action_dispatch/middleware/show_exceptions.rb:31:in `call'
railties (5.0.4) lib/rails/rack/logger.rb:36:in `call_app'
railties (5.0.4) lib/rails/rack/logger.rb:24:in `block in call'
activesupport (5.0.4) lib/active_support/tagged_logging.rb:69:in `block in tagged'
activesupport (5.0.4) lib/active_support/tagged_logging.rb:26:in `tagged'
activesupport (5.0.4) lib/active_support/tagged_logging.rb:69:in `tagged'
railties (5.0.4) lib/rails/rack/logger.rb:24:in `call'
actionpack (5.0.4) lib/action_dispatch/middleware/request_id.rb:24:in `call'
rack (2.0.3) lib/rack/runtime.rb:22:in `call'
activesupport (5.0.4) lib/active_support/cache/strategy/local_cache_middleware.rb:28:in `call'
actionpack (5.0.4) lib/action_dispatch/middleware/executor.rb:12:in `call'
actionpack (5.0.4) lib/action_dispatch/middleware/static.rb:136:in `call'
rack (2.0.3) lib/rack/sendfile.rb:111:in `call'
railties (5.0.4) lib/rails/engine.rb:522:in `call'
puma (3.9.1) lib/puma/configuration.rb:224:in `call'
puma (3.9.1) lib/puma/server.rb:602:in `handle_request'
puma (3.9.1) lib/puma/server.rb:435:in `process_client'
puma (3.9.1) lib/puma/server.rb:299:in `block in run'
puma (3.9.1) lib/puma/thread_pool.rb:120:in `block in spawn_thread'
Started GET "/chatbot?keywords=barbacena" for 127.0.0.1 at 2017-06-27 21:41:40 -0300
Processing by GuruController#chatbot as HTML
  Parameters: {"keywords"=>"barbacena"}
Completed 204 No Content in 496ms (ActiveRecord: 0.0ms)


Started GET "/chatbot&keywords=barbacena" for 127.0.0.1 at 2017-06-27 21:42:17 -0300
  
ActionController::RoutingError (No route matches [GET] "/chatbot&keywords=barbacena"):
  
actionpack (5.0.4) lib/action_dispatch/middleware/debug_exceptions.rb:53:in `call'
actionpack (5.0.4) lib/action_dispatch/middleware/show_exceptions.rb:31:in `call'
railties (5.0.4) lib/rails/rack/logger.rb:36:in `call_app'
railties (5.0.4) lib/rails/rack/logger.rb:24:in `block in call'
activesupport (5.0.4) lib/active_support/tagged_logging.rb:69:in `block in tagged'
activesupport (5.0.4) lib/active_support/tagged_logging.rb:26:in `tagged'
activesupport (5.0.4) lib/active_support/tagged_logging.rb:69:in `tagged'
railties (5.0.4) lib/rails/rack/logger.rb:24:in `call'
actionpack (5.0.4) lib/action_dispatch/middleware/request_id.rb:24:in `call'
rack (2.0.3) lib/rack/runtime.rb:22:in `call'
activesupport (5.0.4) lib/active_support/cache/strategy/local_cache_middleware.rb:28:in `call'
actionpack (5.0.4) lib/action_dispatch/middleware/executor.rb:12:in `call'
actionpack (5.0.4) lib/action_dispatch/middleware/static.rb:136:in `call'
rack (2.0.3) lib/rack/sendfile.rb:111:in `call'
railties (5.0.4) lib/rails/engine.rb:522:in `call'
puma (3.9.1) lib/puma/configuration.rb:224:in `call'
puma (3.9.1) lib/puma/server.rb:602:in `handle_request'
puma (3.9.1) lib/puma/server.rb:435:in `process_client'
puma (3.9.1) lib/puma/server.rb:299:in `block in run'
puma (3.9.1) lib/puma/thread_pool.rb:120:in `block in spawn_thread'
Started GET "/chatbot&keywords=barbacena" for 127.0.0.1 at 2017-06-27 21:42:44 -0300
  
ActionController::RoutingError (No route matches [GET] "/chatbot&keywords=barbacena"):
  
actionpack (5.0.4) lib/action_dispatch/middleware/debug_exceptions.rb:53:in `call'
actionpack (5.0.4) lib/action_dispatch/middleware/show_exceptions.rb:31:in `call'
railties (5.0.4) lib/rails/rack/logger.rb:36:in `call_app'
railties (5.0.4) lib/rails/rack/logger.rb:24:in `block in call'
activesupport (5.0.4) lib/active_support/tagged_logging.rb:69:in `block in tagged'
activesupport (5.0.4) lib/active_support/tagged_logging.rb:26:in `tagged'
activesupport (5.0.4) lib/active_support/tagged_logging.rb:69:in `tagged'
railties (5.0.4) lib/rails/rack/logger.rb:24:in `call'
actionpack (5.0.4) lib/action_dispatch/middleware/request_id.rb:24:in `call'
rack (2.0.3) lib/rack/runtime.rb:22:in `call'
activesupport (5.0.4) lib/active_support/cache/strategy/local_cache_middleware.rb:28:in `call'
actionpack (5.0.4) lib/action_dispatch/middleware/executor.rb:12:in `call'
actionpack (5.0.4) lib/action_dispatch/middleware/static.rb:136:in `call'
rack (2.0.3) lib/rack/sendfile.rb:111:in `call'
railties (5.0.4) lib/rails/engine.rb:522:in `call'
puma (3.9.1) lib/puma/configuration.rb:224:in `call'
puma (3.9.1) lib/puma/server.rb:602:in `handle_request'
puma (3.9.1) lib/puma/server.rb:435:in `process_client'
puma (3.9.1) lib/puma/server.rb:299:in `block in run'
puma (3.9.1) lib/puma/thread_pool.rb:120:in `block in spawn_thread'
Started GET "/chatbot?keywords=barbacena" for 127.0.0.1 at 2017-06-27 21:43:01 -0300
Processing by GuruController#chatbot as HTML
  Parameters: {"keywords"=>"barbacena"}
Completed 204 No Content in 542ms (ActiveRecord: 0.0ms)


Started GET "/chatbot?teste=barbacena" for 127.0.0.1 at 2017-06-27 21:43:55 -0300
Processing by GuruController#chatbot as HTML
  Parameters: {"teste"=>"barbacena"}
Completed 204 No Content in 1ms (ActiveRecord: 0.0ms)


Started GET "/chatbot?teste=barbacena" for 127.0.0.1 at 2017-06-27 21:44:19 -0300
Processing by GuruController#chatbot as HTML
  Parameters: {"teste"=>"barbacena"}
Completed 204 No Content in 0ms (ActiveRecord: 0.0ms)


Started GET "/chatbot?keywords=barbacena" for 127.0.0.1 at 2017-06-27 21:44:28 -0300
Processing by GuruController#chatbot as HTML
  Parameters: {"keywords"=>"barbacena"}
Completed 204 No Content in 1590ms (ActiveRecord: 0.0ms)


Started GET "/chatbot?keywords=barbacena" for 127.0.0.1 at 2017-06-27 21:45:23 -0300
Processing by GuruController#chatbot as HTML
  Parameters: {"keywords"=>"barbacena"}
Completed 500 Internal Server Error in 1ms (ActiveRecord: 0.0ms)


  
NoMethodError (undefined method `[]' for nil:NilClass):
  
app/controllers/guru_controller.rb:4:in `chatbot'
Started GET "/chatbot?keywords=barbacena" for 127.0.0.1 at 2017-06-27 21:45:51 -0300
Processing by GuruController#chatbot as HTML
  Parameters: {"keywords"=>"barbacena"}
Completed 500 Internal Server Error in 2ms (ActiveRecord: 0.0ms)


  
NoMethodError (undefined method `[]' for nil:NilClass):
  
app/controllers/guru_controller.rb:4:in `chatbot'
Started GET "/chatbot" for 127.0.0.1 at 2017-06-27 21:48:07 -0300
  
SyntaxError (/home/flavio/api_guru/app/controllers/guru_controller.rb:11: syntax error, unexpected keyword_end, expecting end-of-input):
  
app/controllers/guru_controller.rb:11: syntax error, unexpected keyword_end, expecting end-of-input
Started GET "/chatbot" for 127.0.0.1 at 2017-06-27 21:48:25 -0300
Processing by GuruController#chatbot as HTML
Completed 500 Internal Server Error in 1ms (ActiveRecord: 0.0ms)


  
NoMethodError (undefined method `[]' for nil:NilClass):
  
app/controllers/guru_controller.rb:4:in `chatbot'
Started GET "/chatbot" for 127.0.0.1 at 2017-06-27 21:49:08 -0300
Processing by GuruController#chatbot as HTML
Completed 500 Internal Server Error in 1ms (ActiveRecord: 0.0ms)


  
NoMethodError (undefined method `[]' for nil:NilClass):
  
app/controllers/guru_controller.rb:4:in `chatbot'
Started GET "/chatbot" for 127.0.0.1 at 2017-06-27 21:49:12 -0300
Processing by GuruController#chatbot as HTML
Completed 500 Internal Server Error in 2ms (ActiveRecord: 0.0ms)


  
NoMethodError (undefined method `[]' for nil:NilClass):
  
app/controllers/guru_controller.rb:4:in `chatbot'
Started GET "/chatbot" for 127.0.0.1 at 2017-06-27 21:49:22 -0300
Processing by GuruController#chatbot as HTML
Completed 500 Internal Server Error in 1ms (ActiveRecord: 0.0ms)


  
NoMethodError (undefined method `[]' for nil:NilClass):
  
app/controllers/guru_controller.rb:4:in `chatbot'
Started GET "/chatbot?keywords=barbacena" for 127.0.0.1 at 2017-06-27 21:49:31 -0300
Processing by GuruController#chatbot as HTML
  Parameters: {"keywords"=>"barbacena"}
Completed 500 Internal Server Error in 1ms (ActiveRecord: 0.0ms)


  
NoMethodError (undefined method `[]' for nil:NilClass):
  
app/controllers/guru_controller.rb:4:in `chatbot'
Started GET "/chatbot?result=barbacena" for 127.0.0.1 at 2017-06-27 21:49:49 -0300
Processing by GuruController#chatbot as HTML
  Parameters: {"result"=>"barbacena"}
Completed 500 Internal Server Error in 1ms (ActiveRecord: 0.0ms)


  
TypeError (no implicit conversion of Symbol into Integer):
  
app/controllers/guru_controller.rb:4:in `[]'
app/controllers/guru_controller.rb:4:in `chatbot'
Started GET "/chatbot?result=barbacena" for 127.0.0.1 at 2017-06-27 21:52:05 -0300
Processing by GuruController#chatbot as HTML
  Parameters: {"result"=>"barbacena"}
Completed 500 Internal Server Error in 0ms (ActiveRecord: 0.0ms)


  
TypeError (no implicit conversion of Symbol into Integer):
  
app/controllers/guru_controller.rb:4:in `[]'
app/controllers/guru_controller.rb:4:in `chatbot'
Started GET "/chatbot" for 127.0.0.1 at 2017-06-27 21:52:17 -0300
Processing by GuruController#chatbot as HTML
Completed 500 Internal Server Error in 1ms (ActiveRecord: 0.0ms)


  
NoMethodError (undefined method `[]' for nil:NilClass):
  
app/controllers/guru_controller.rb:4:in `chatbot'
Started GET "/chatbot" for 127.0.0.1 at 2017-06-27 21:52:41 -0300
Processing by GuruController#chatbot as HTML
Completed 500 Internal Server Error in 1ms (ActiveRecord: 0.0ms)


  
NoMethodError (undefined method `[]' for nil:NilClass):
  
app/controllers/guru_controller.rb:4:in `chatbot'
Started GET "/chatbot" for 127.0.0.1 at 2017-06-27 21:58:58 -0300
Processing by GuruController#chatbot as HTML
Completed 500 Internal Server Error in 2ms (ActiveRecord: 0.0ms)


  
NoMethodError (undefined method `[]' for nil:NilClass):
  
app/controllers/guru_controller.rb:4:in `chatbot'
Started GET "/chatbot?teste=barbacena" for 127.0.0.1 at 2017-06-27 21:59:10 -0300
Processing by GuruController#chatbot as HTML
  Parameters: {"teste"=>"barbacena"}
Completed 500 Internal Server Error in 1ms (ActiveRecord: 0.0ms)


  
NoMethodError (undefined method `[]' for nil:NilClass):
  
app/controllers/guru_controller.rb:4:in `chatbot'
Started GET "/chatbot?result=barbacena" for 127.0.0.1 at 2017-06-27 22:01:06 -0300
Processing by GuruController#chatbot as HTML
  Parameters: {"result"=>"barbacena"}
Completed 500 Internal Server Error in 0ms (ActiveRecord: 0.0ms)


  
TypeError (no implicit conversion of Symbol into Integer):
  
app/controllers/guru_controller.rb:4:in `[]'
app/controllers/guru_controller.rb:4:in `chatbot'
Started GET "/chatbot?result=barbacena" for 127.0.0.1 at 2017-06-27 22:01:19 -0300
Processing by GuruController#chatbot as HTML
  Parameters: {"result"=>"barbacena"}
Completed 500 Internal Server Error in 0ms (ActiveRecord: 0.0ms)


  
TypeError (no implicit conversion of Symbol into Integer):
  
app/controllers/guru_controller.rb:4:in `[]'
app/controllers/guru_controller.rb:4:in `chatbot'
Started GET "/chatbot?result=barbacena" for 127.0.0.1 at 2017-06-27 22:01:32 -0300
Processing by GuruController#chatbot as HTML
  Parameters: {"result"=>"barbacena"}
Completed 500 Internal Server Error in 1ms (ActiveRecord: 0.0ms)


  
TypeError (no implicit conversion of Symbol into Integer):
  
app/controllers/guru_controller.rb:4:in `[]'
app/controllers/guru_controller.rb:4:in `chatbot'
Started GET "/chatbot?result=barbacena" for 127.0.0.1 at 2017-06-27 22:01:48 -0300
Processing by GuruController#chatbot as HTML
  Parameters: {"result"=>"barbacena"}
Completed 500 Internal Server Error in 0ms (ActiveRecord: 0.0ms)


  
TypeError (no implicit conversion of Symbol into Integer):
  
app/controllers/guru_controller.rb:4:in `[]'
app/controllers/guru_controller.rb:4:in `chatbot'
Started GET "/chatbot?result=barbacena" for 127.0.0.1 at 2017-06-27 22:03:28 -0300
Processing by GuruController#chatbot as HTML
  Parameters: {"result"=>"barbacena"}
Completed 500 Internal Server Error in 1ms (ActiveRecord: 0.0ms)


  
TypeError (no implicit conversion of Symbol into Integer):
  
app/controllers/guru_controller.rb:4:in `[]'
app/controllers/guru_controller.rb:4:in `chatbot'
Started GET "/chatbot?a=barbacena" for 127.0.0.1 at 2017-06-27 22:07:04 -0300
Processing by GuruController#chatbot as HTML
  Parameters: {"a"=>"barbacena"}
Completed 500 Internal Server Error in 2ms (ActiveRecord: 0.0ms)


  
NoMethodError (undefined method `[]' for nil:NilClass):
  
app/controllers/guru_controller.rb:4:in `chatbot'
Started GET "/chatbot?any=barbacena" for 127.0.0.1 at 2017-06-27 22:07:11 -0300
Processing by GuruController#chatbot as HTML
  Parameters: {"any"=>"barbacena"}
Completed 500 Internal Server Error in 1ms (ActiveRecord: 0.0ms)


  
NoMethodError (undefined method `[]' for nil:NilClass):
  
app/controllers/guru_controller.rb:4:in `chatbot'
Started GET "/chatbot?parameter=barbacena" for 127.0.0.1 at 2017-06-27 22:07:29 -0300
Processing by GuruController#chatbot as HTML
  Parameters: {"parameter"=>"barbacena"}
Completed 500 Internal Server Error in 1ms (ActiveRecord: 0.0ms)


  
NoMethodError (undefined method `[]' for nil:NilClass):
  
app/controllers/guru_controller.rb:4:in `chatbot'
Started GET "/chatbot?parameters=barbacena" for 127.0.0.1 at 2017-06-27 22:07:39 -0300
Processing by GuruController#chatbot as HTML
  Parameters: {"parameters"=>"barbacena"}
Completed 500 Internal Server Error in 1ms (ActiveRecord: 0.0ms)


  
NoMethodError (undefined method `[]' for nil:NilClass):
  
app/controllers/guru_controller.rb:4:in `chatbot'
Started GET "/chatbot?parameters=barbacena" for 127.0.0.1 at 2017-06-27 22:08:06 -0300
Processing by GuruController#chatbot as HTML
  Parameters: {"parameters"=>"barbacena"}
Completed 500 Internal Server Error in 1ms (ActiveRecord: 0.0ms)


  
NoMethodError (undefined method `[]' for nil:NilClass):
  
app/controllers/guru_controller.rb:4:in `chatbot'
Started GET "/chatbot?result=barbacena" for 127.0.0.1 at 2017-06-27 22:08:14 -0300
Processing by GuruController#chatbot as HTML
  Parameters: {"result"=>"barbacena"}
Completed 500 Internal Server Error in 0ms (ActiveRecord: 0.0ms)


  
TypeError (no implicit conversion of Symbol into Integer):
  
app/controllers/guru_controller.rb:4:in `[]'
app/controllers/guru_controller.rb:4:in `chatbot'
Started GET "/chatbot?result=barbacena" for 127.0.0.1 at 2017-06-27 22:09:50 -0300
Processing by GuruController#chatbot as HTML
  Parameters: {"result"=>"barbacena"}
Completed 500 Internal Server Error in 0ms (ActiveRecord: 0.0ms)


  
TypeError (no implicit conversion of ActionController::Parameters into String):
  
app/controllers/guru_controller.rb:7:in `+'
app/controllers/guru_controller.rb:7:in `chatbot'
Started GET "/chatbot?barbacena" for 127.0.0.1 at 2017-06-27 22:10:06 -0300
Processing by GuruController#chatbot as HTML
  Parameters: {"barbacena"=>nil}
Completed 500 Internal Server Error in 0ms (ActiveRecord: 0.0ms)


  
TypeError (no implicit conversion of ActionController::Parameters into String):
  
app/controllers/guru_controller.rb:7:in `+'
app/controllers/guru_controller.rb:7:in `chatbot'
Started GET "/chatbot?result=barbacena" for 127.0.0.1 at 2017-06-27 22:10:14 -0300
Processing by GuruController#chatbot as HTML
  Parameters: {"result"=>"barbacena"}
Completed 500 Internal Server Error in 0ms (ActiveRecord: 0.0ms)


  
TypeError (no implicit conversion of ActionController::Parameters into String):
  
app/controllers/guru_controller.rb:7:in `+'
app/controllers/guru_controller.rb:7:in `chatbot'
Started GET "/chatbot?result=barbacena" for 127.0.0.1 at 2017-06-27 22:10:38 -0300
Processing by GuruController#chatbot as HTML
  Parameters: {"result"=>"barbacena"}
Completed 500 Internal Server Error in 0ms (ActiveRecord: 0.0ms)


  
TypeError (no implicit conversion of ActionController::Parameters into String):
  
app/controllers/guru_controller.rb:7:in `+'
app/controllers/guru_controller.rb:7:in `chatbot'
Started GET "/chatbot?result=barbacena&parameters=tesla" for 127.0.0.1 at 2017-06-27 22:14:50 -0300
Processing by GuruController#chatbot as HTML
  Parameters: {"result"=>"barbacena", "parameters"=>"tesla"}
Completed 500 Internal Server Error in 0ms (ActiveRecord: 0.0ms)


  
TypeError (no implicit conversion of Symbol into Integer):
  
app/controllers/guru_controller.rb:4:in `[]'
app/controllers/guru_controller.rb:4:in `chatbot'
Started GET "/chatbot?result=barbacena&parameters=tesla&any" for 127.0.0.1 at 2017-06-27 22:15:04 -0300
Processing by GuruController#chatbot as HTML
  Parameters: {"result"=>"barbacena", "parameters"=>"tesla", "any"=>nil}
Completed 500 Internal Server Error in 0ms (ActiveRecord: 0.0ms)


  
TypeError (no implicit conversion of Symbol into Integer):
  
app/controllers/guru_controller.rb:4:in `[]'
app/controllers/guru_controller.rb:4:in `chatbot'
Started GET "/chatbot?result=barbacena&parameters=tesla&any" for 127.0.0.1 at 2017-06-27 22:15:21 -0300
Processing by GuruController#chatbot as HTML
  Parameters: {"result"=>"barbacena", "parameters"=>"tesla", "any"=>nil}
Completed 500 Internal Server Error in 1ms (ActiveRecord: 0.0ms)


  
TypeError (no implicit conversion of Symbol into Integer):
  
app/controllers/guru_controller.rb:4:in `[]'
app/controllers/guru_controller.rb:4:in `chatbot'
Started GET "/chatbot?result=barbacena&parameters=tesla&any" for 127.0.0.1 at 2017-06-27 22:17:39 -0300
Processing by GuruController#chatbot as HTML
  Parameters: {"result"=>"barbacena", "parameters"=>"tesla", "any"=>nil}
Completed 500 Internal Server Error in 1ms (ActiveRecord: 0.0ms)


  
TypeError (no implicit conversion of Symbol into Integer):
  
app/controllers/guru_controller.rb:4:in `[]'
app/controllers/guru_controller.rb:4:in `chatbot'
Started GET "/chatbot?result=barbacena&parameters=tesla&any" for 127.0.0.1 at 2017-06-27 22:17:53 -0300
Processing by GuruController#chatbot as HTML
  Parameters: {"result"=>"barbacena", "parameters"=>"tesla", "any"=>nil}
Completed 500 Internal Server Error in 1ms (ActiveRecord: 0.0ms)


  
TypeError (no implicit conversion of Symbol into Integer):
  
app/controllers/guru_controller.rb:4:in `[]'
app/controllers/guru_controller.rb:4:in `chatbot'
Started GET "/chatbot?result=barbacena&parameters=tesla&any" for 127.0.0.1 at 2017-06-27 22:18:55 -0300
Processing by GuruController#chatbot as HTML
  Parameters: {"result"=>"barbacena", "parameters"=>"tesla", "any"=>nil}
Completed 500 Internal Server Error in 0ms (ActiveRecord: 0.0ms)


  
TypeError (no implicit conversion of Symbol into Integer):
  
app/controllers/guru_controller.rb:4:in `[]'
app/controllers/guru_controller.rb:4:in `chatbot'
Started GET "/chatbot?result=barbacena&parameters=tesla&any=a" for 127.0.0.1 at 2017-06-27 22:19:04 -0300
Processing by GuruController#chatbot as HTML
  Parameters: {"result"=>"barbacena", "parameters"=>"tesla", "any"=>"a"}
Completed 500 Internal Server Error in 0ms (ActiveRecord: 0.0ms)


  
TypeError (no implicit conversion of Symbol into Integer):
  
app/controllers/guru_controller.rb:4:in `[]'
app/controllers/guru_controller.rb:4:in `chatbot'
Started GET "/chatbot?result=barbacena&parameters=tesla&any=a" for 127.0.0.1 at 2017-06-27 22:20:12 -0300
  
ActionController::RoutingError (No route matches [GET] "/chatbot"):
  
actionpack (5.0.4) lib/action_dispatch/middleware/debug_exceptions.rb:53:in `call'
actionpack (5.0.4) lib/action_dispatch/middleware/show_exceptions.rb:31:in `call'
railties (5.0.4) lib/rails/rack/logger.rb:36:in `call_app'
railties (5.0.4) lib/rails/rack/logger.rb:24:in `block in call'
activesupport (5.0.4) lib/active_support/tagged_logging.rb:69:in `block in tagged'
activesupport (5.0.4) lib/active_support/tagged_logging.rb:26:in `tagged'
activesupport (5.0.4) lib/active_support/tagged_logging.rb:69:in `tagged'
railties (5.0.4) lib/rails/rack/logger.rb:24:in `call'
actionpack (5.0.4) lib/action_dispatch/middleware/request_id.rb:24:in `call'
rack (2.0.3) lib/rack/runtime.rb:22:in `call'
activesupport (5.0.4) lib/active_support/cache/strategy/local_cache_middleware.rb:28:in `call'
actionpack (5.0.4) lib/action_dispatch/middleware/executor.rb:12:in `call'
actionpack (5.0.4) lib/action_dispatch/middleware/static.rb:136:in `call'
rack (2.0.3) lib/rack/sendfile.rb:111:in `call'
railties (5.0.4) lib/rails/engine.rb:522:in `call'
puma (3.9.1) lib/puma/configuration.rb:224:in `call'
puma (3.9.1) lib/puma/server.rb:602:in `handle_request'
puma (3.9.1) lib/puma/server.rb:435:in `process_client'
puma (3.9.1) lib/puma/server.rb:299:in `block in run'
puma (3.9.1) lib/puma/thread_pool.rb:120:in `block in spawn_thread'
